# ----------------------------------------
# Jasper Version Info
# tool      : Jasper 2024.06
# platform  : Linux 4.18.0-553.89.1.el8_10.x86_64
# version   : 2024.06p002 64 bits
# build date: 2024.09.02 16:28:38 UTC
# ----------------------------------------
# started   : 2025-12-19 15:52:45 EST
# hostname  : cadpc02.(none)
# pid       : 1693356
# arguments : '-label' 'session_0' '-console' '//127.0.0.1:32791' '-style' 'windows' '-data' 'AAAAxHicVYvLCYBAEEPfCoLNaAUWoRWILAqCP/xdtVQ7WbOKhw1kkplJDJCfzjlemPtTckMIv0fhpbwChfgv/xFfSEhpmTnkCzYaBm2V2IkNvXSUVqz6LuxY6S7nb4fmokQrWmp9OiblMzmrrscDF8IZIQ==' '-proj' '/homes/user/stud/fall25/rm4305/6863-RISCV-FV/jgproject/sessionLogs/session_0' '-init' '-hidden' '/homes/user/stud/fall25/rm4305/6863-RISCV-FV/jgproject/.tmp/.initCmds.tcl' 'temp_pipeline_structure_verification.tcl'

Any disclosure about the Cadence Design Systems software or its use
model to any third party violates the written Non-Disclosure Agreement
between Cadence Design Systems, Inc. and the customer.

THIS SOFTWARE CONTAINS CONFIDENTIAL INFORMATION AND TRADE SECRETS OF
CADENCE DESIGN SYSTEMS, INC. USE, DISCLOSURE, OR REPRODUCTION IS
PROHIBITED WITHOUT THE PRIOR EXPRESS WRITTEN PERMISSION OF CADENCE
DESIGN SYSTEMS, INC.

Copyright (C) 2000-2024 Cadence Design Systems, Inc. All Rights
Reserved.  Unpublished -- rights reserved under the copyright laws of
the United States.

This product includes software developed by others and redistributed
according to license agreement. See doc/third_party_readme.txt for
further details.

RESTRICTED RIGHTS LEGEND

Use, duplication, or disclosure by the Government is subject to
restrictions as set forth in subparagraph (c) (1) (ii) of the Rights in
Technical Data and Computer Software clause at DFARS 252.227-7013 or
subparagraphs (c) (1) and (2) of Commercial Computer Software -- Restricted
Rights at 48 CFR 52.227-19, as applicable.


                          Cadence Design Systems, Inc.
                          2655 Seely Avenue
                          San Jose, CA 95134
                          Phone: 408.943.1234

For technical assistance visit http://support.cadence.com.

Jasper Apps Analysis Session - /homes/user/stud/fall25/rm4305/6863-RISCV-FV/jgproject/sessionLogs/session_0

INFO: successfully checked out licenses "jasper_interactive" and "jasper_fao".
INFO: reading configuration file "/user/stud/fall25/rm4305/.config/cadence/jasper.conf".
% # ----------------------------------------
% #  Copyright (c) 2017 Cadence Design Systems, Inc. All Rights
% #  Reserved.  Unpublished -- rights reserved under the copyright 
% #  laws of the United States.
% # ----------------------------------------
% 
% # Analyze design under verification files
% set ROOT_PATH      ./
./
% set RTL_PATH       ${ROOT_PATH}/src
.//src
% set PROP_PATH      ${ROOT_PATH}/properties
.//properties
% 
% # Analyze the complete RTL needed for bypass verification
% set RTL_FILES [lsort [glob -nocomplain ${RTL_PATH}/*.v]]
./src/ALU.v ./src/RISC_V_Core.v ./src/bram.v ./src/bsram.v ./src/control_unit.v ./src/d_mem_interface.v ./src/decode.v ./src/decode_pipe.v ./src/execute.v ./src/execute_pipe.v ./src/fetch.v ./src/fetch_pipe.v ./src/i_mem_interface.v ./src/memory.v ./src/memory_pipe.v ./src/regFile.v ./src/stallControl.v ./src/writeback.v
% if {[llength $RTL_FILES] == 0} {
  error "No RTL files found under ${RTL_PATH}"
}
% analyze -sv $RTL_FILES
WARNING (WCD032): Passing arguments to "analyze" as lists has been deprecated.
    For message help, type "help -message WCD032".
[-- (VERI-1482)] Analyzing Verilog file '/tools/cadence/jasper_2024.06p002/lib/verilog/packages/std/std.sv' into library 'std'
[-- (VERI-1482)] Analyzing Verilog file './src/ALU.v'
[-- (VERI-1482)] Analyzing Verilog file './src/RISC_V_Core.v'
[-- (VERI-1482)] Analyzing Verilog file './src/bram.v'
[-- (VERI-1482)] Analyzing Verilog file './src/bsram.v'
[-- (VERI-1482)] Analyzing Verilog file './src/control_unit.v'
[-- (VERI-1482)] Analyzing Verilog file './src/d_mem_interface.v'
[-- (VERI-1482)] Analyzing Verilog file './src/decode.v'
[-- (VERI-1482)] Analyzing Verilog file './src/decode_pipe.v'
[-- (VERI-1482)] Analyzing Verilog file './src/execute.v'
[-- (VERI-1482)] Analyzing Verilog file './src/execute_pipe.v'
[-- (VERI-1482)] Analyzing Verilog file './src/fetch.v'
[-- (VERI-1482)] Analyzing Verilog file './src/fetch_pipe.v'
[-- (VERI-1482)] Analyzing Verilog file './src/i_mem_interface.v'
[-- (VERI-1482)] Analyzing Verilog file './src/memory.v'
[-- (VERI-1482)] Analyzing Verilog file './src/memory_pipe.v'
[-- (VERI-1482)] Analyzing Verilog file './src/regFile.v'
[-- (VERI-1482)] Analyzing Verilog file './src/stallControl.v'
[INFO (VERI-2561)] ./src/stallControl.v(70): undeclared symbol 'rs1_stall_detected', assumed default net type 'wire'
[INFO (VERI-2561)] ./src/stallControl.v(74): undeclared symbol 'rs2_stall_detected', assumed default net type 'wire'
[-- (VERI-1482)] Analyzing Verilog file './src/writeback.v'
% 
% # Analyze property bindings (includes individual .sva files)
% analyze -sva \
  ${PROP_PATH}/bind_pipeline_structure.sva
[-- (VERI-1482)] Analyzing Verilog file './/properties/bind_pipeline_structure.sva'
[INFO (VERI-1328)] .//properties/bind_pipeline_structure.sva(5): analyzing included file './/properties/pipeline_structure_properties.sv'
% 
% # Elaborate the full core so both decode and stall units are instantiated
% elaborate -top RISC_V_Core
INFO (ISW003): Top module name is "RISC_V_Core".
[INFO (HIER-8002)] ./src/RISC_V_Core.v(424): Disabling old hierarchical reference handler
[INFO (VERI-1018)] ./src/bram.v(24): compiling module 'BRAM:(ADDR_WIDTH=12,INIT_FILE="../software/applications/binaries/mandelbrot.vmh")'
[INFO (VERI-2571)] ./src/bram.v(46): extracting RAM for identifier 'ram'
[WARN (VERI-9033)] ./src/bram.v(46): array ram (size 131072) automatically BLACK-BOXED. Use the "elaborate -bbox_a" command to prevent automatic black-boxing.
[WARN (VERI-1060)] ./src/bram.v(62): 'initial' construct is ignored
[INFO (VERI-1018)] ./src/i_mem_interface.v(23): compiling module 'i_mem_interface:(ADDRESS_BITS=12,PROGRAM="../software/applications/binaries/mandelbrot.vmh")'
[WARN (VERI-1209)] ./src/i_mem_interface.v(64): expression size 32 truncated to fit in target size 12
[WARN (VERI-1142)] ./src/i_mem_interface.v(73): system task 'display' is ignored for synthesis
[WARN (VERI-1142)] ./src/i_mem_interface.v(74): system task 'display' is ignored for synthesis
[WARN (VERI-1142)] ./src/i_mem_interface.v(75): system task 'display' is ignored for synthesis
[WARN (VERI-1142)] ./src/i_mem_interface.v(76): system task 'display' is ignored for synthesis
[WARN (VERI-1142)] ./src/i_mem_interface.v(77): system task 'display' is ignored for synthesis
[WARN (VERI-1142)] ./src/i_mem_interface.v(78): system task 'display' is ignored for synthesis
[WARN (VERI-1142)] ./src/i_mem_interface.v(79): system task 'display' is ignored for synthesis
[WARN (VERI-1142)] ./src/i_mem_interface.v(80): system task 'display' is ignored for synthesis
[WARN (VERI-1142)] ./src/i_mem_interface.v(81): system task 'display' is ignored for synthesis
[WARN (VERI-1142)] ./src/i_mem_interface.v(82): system task 'display' is ignored for synthesis
[INFO (VERI-1018)] ./src/fetch.v(23): compiling module 'fetch_unit:(ADDRESS_BITS=12,PROGRAM="../software/applications/binaries/mandelbrot.vmh",PRINT_CYCLES_MIN=0,PRINT_CYCLES_MAX=15)'
[WARN (VERI-1209)] ./src/fetch.v(81): expression size 32 truncated to fit in target size 12
[WARN (VERI-1209)] ./src/fetch.v(130): expression size 32 truncated to fit in target size 12
[WARN (VERI-1142)] ./src/fetch.v(141): system task 'display' is ignored for synthesis
[WARN (VERI-1142)] ./src/fetch.v(142): system task 'display' is ignored for synthesis
[WARN (VERI-1142)] ./src/fetch.v(143): system task 'display' is ignored for synthesis
[WARN (VERI-1142)] ./src/fetch.v(144): system task 'display' is ignored for synthesis
[WARN (VERI-1142)] ./src/fetch.v(145): system task 'display' is ignored for synthesis
[WARN (VERI-1142)] ./src/fetch.v(146): system task 'display' is ignored for synthesis
[WARN (VERI-1142)] ./src/fetch.v(147): system task 'display' is ignored for synthesis
[WARN (VERI-1142)] ./src/fetch.v(148): system task 'display' is ignored for synthesis
[WARN (VERI-1142)] ./src/fetch.v(149): system task 'display' is ignored for synthesis
[WARN (VERI-1142)] ./src/fetch.v(150): system task 'display' is ignored for synthesis
[WARN (VERI-1142)] ./src/fetch.v(151): system task 'display' is ignored for synthesis
[WARN (VERI-1142)] ./src/fetch.v(152): system task 'display' is ignored for synthesis
[WARN (VERI-1142)] ./src/fetch.v(153): system task 'display' is ignored for synthesis
[WARN (VERI-1142)] ./src/fetch.v(154): system task 'display' is ignored for synthesis
[WARN (VERI-1142)] ./src/fetch.v(155): system task 'display' is ignored for synthesis
[WARN (VERI-1142)] ./src/fetch.v(156): system task 'display' is ignored for synthesis
[INFO (VERI-1018)] ./src/fetch_pipe.v(25): compiling module 'fetch_pipe_unit:(ADDRESS_BITS=12)'
[INFO (VERI-1018)] ./src/regFile.v(24): compiling module 'regFile'
[INFO (VERI-1018)] ./src/decode.v(23): compiling module 'decode_unit:(ADDRESS_BITS=12,PRINT_CYCLES_MIN=0,PRINT_CYCLES_MAX=15)'
[WARN (VERI-1209)] ./src/decode.v(99): expression size 32 truncated to fit in target size 12
[WARN (VERI-1209)] ./src/decode.v(111): expression size 32 truncated to fit in target size 12
[WARN (VERI-1142)] ./src/decode.v(141): system task 'display' is ignored for synthesis
[WARN (VERI-1142)] ./src/decode.v(142): system task 'display' is ignored for synthesis
[WARN (VERI-1142)] ./src/decode.v(143): system task 'display' is ignored for synthesis
[WARN (VERI-1142)] ./src/decode.v(144): system task 'display' is ignored for synthesis
[WARN (VERI-1142)] ./src/decode.v(145): system task 'display' is ignored for synthesis
[WARN (VERI-1142)] ./src/decode.v(146): system task 'display' is ignored for synthesis
[WARN (VERI-1142)] ./src/decode.v(147): system task 'display' is ignored for synthesis
[WARN (VERI-1142)] ./src/decode.v(148): system task 'display' is ignored for synthesis
[WARN (VERI-1142)] ./src/decode.v(149): system task 'display' is ignored for synthesis
[WARN (VERI-1142)] ./src/decode.v(150): system task 'display' is ignored for synthesis
[WARN (VERI-1142)] ./src/decode.v(151): system task 'display' is ignored for synthesis
[WARN (VERI-1142)] ./src/decode.v(152): system task 'display' is ignored for synthesis
[WARN (VERI-1142)] ./src/decode.v(153): system task 'display' is ignored for synthesis
[WARN (VERI-1142)] ./src/decode.v(154): system task 'display' is ignored for synthesis
[WARN (VERI-1142)] ./src/decode.v(155): system task 'display' is ignored for synthesis
[WARN (VERI-1142)] ./src/decode.v(156): system task 'display' is ignored for synthesis
[INFO (VERI-1018)] ./src/stallControl.v(29): compiling module 'stall_and_bypass_control_unit'
[INFO (VERI-1018)] ./src/control_unit.v(29): compiling module 'control_unit:(PRINT_CYCLES_MIN=0,PRINT_CYCLES_MAX=15)'
[WARN (VERI-1209)] ./src/control_unit.v(72): expression size 32 truncated to fit in target size 1
[WARN (VERI-1209)] ./src/control_unit.v(73): expression size 32 truncated to fit in target size 1
[WARN (VERI-1209)] ./src/control_unit.v(74): expression size 32 truncated to fit in target size 1
[WARN (VERI-1209)] ./src/control_unit.v(75): expression size 32 truncated to fit in target size 1
[WARN (VERI-1209)] ./src/control_unit.v(76): expression size 32 truncated to fit in target size 1
[WARN (VERI-1209)] ./src/control_unit.v(84): expression size 32 truncated to fit in target size 3
[WARN (VERI-1209)] ./src/control_unit.v(88): expression size 32 truncated to fit in target size 2
[WARN (VERI-1209)] ./src/control_unit.v(92): expression size 32 truncated to fit in target size 1
[WARN (VERI-1209)] ./src/control_unit.v(96): expression size 32 truncated to fit in target size 2
[WARN (VERI-1209)] ./src/control_unit.v(100): expression size 32 truncated to fit in target size 2
[WARN (VERI-1142)] ./src/control_unit.v(107): system task 'display' is ignored for synthesis
[WARN (VERI-1142)] ./src/control_unit.v(108): system task 'display' is ignored for synthesis
[WARN (VERI-1142)] ./src/control_unit.v(109): system task 'display' is ignored for synthesis
[WARN (VERI-1142)] ./src/control_unit.v(110): system task 'display' is ignored for synthesis
[WARN (VERI-1142)] ./src/control_unit.v(111): system task 'display' is ignored for synthesis
[WARN (VERI-1142)] ./src/control_unit.v(112): system task 'display' is ignored for synthesis
[WARN (VERI-1142)] ./src/control_unit.v(113): system task 'display' is ignored for synthesis
[WARN (VERI-1142)] ./src/control_unit.v(114): system task 'display' is ignored for synthesis
[WARN (VERI-1142)] ./src/control_unit.v(115): system task 'display' is ignored for synthesis
[WARN (VERI-1142)] ./src/control_unit.v(116): system task 'display' is ignored for synthesis
[WARN (VERI-1142)] ./src/control_unit.v(117): system task 'display' is ignored for synthesis
[WARN (VERI-1142)] ./src/control_unit.v(118): system task 'display' is ignored for synthesis
[WARN (VERI-1142)] ./src/control_unit.v(119): system task 'display' is ignored for synthesis
[INFO (VERI-1018)] ./src/decode_pipe.v(24): compiling module 'decode_pipe_unit:(ADDRESS_BITS=12)'
[INFO (VERI-1018)] ./src/ALU.v(23): compiling module 'ALU'
[INFO (VERI-1018)] ./src/execute.v(24): compiling module 'execution_unit:(ADDRESS_BITS=12,PRINT_CYCLES_MIN=0,PRINT_CYCLES_MAX=15)'
[WARN (VERI-1209)] ./src/execute.v(91): expression size 32 truncated to fit in target size 1
[WARN (VERI-1209)] ./src/execute.v(103): expression size 32 truncated to fit in target size 12
[WARN (VERI-1142)] ./src/execute.v(120): system task 'display' is ignored for synthesis
[WARN (VERI-1142)] ./src/execute.v(121): system task 'display' is ignored for synthesis
[WARN (VERI-1142)] ./src/execute.v(122): system task 'display' is ignored for synthesis
[WARN (VERI-1142)] ./src/execute.v(123): system task 'display' is ignored for synthesis
[WARN (VERI-1142)] ./src/execute.v(124): system task 'display' is ignored for synthesis
[WARN (VERI-1142)] ./src/execute.v(125): system task 'display' is ignored for synthesis
[WARN (VERI-1142)] ./src/execute.v(126): system task 'display' is ignored for synthesis
[WARN (VERI-1142)] ./src/execute.v(127): system task 'display' is ignored for synthesis
[WARN (VERI-1142)] ./src/execute.v(128): system task 'display' is ignored for synthesis
[WARN (VERI-1142)] ./src/execute.v(129): system task 'display' is ignored for synthesis
[WARN (VERI-1142)] ./src/execute.v(130): system task 'display' is ignored for synthesis
[WARN (VERI-1142)] ./src/execute.v(131): system task 'display' is ignored for synthesis
[INFO (VERI-1018)] ./src/execute_pipe.v(25): compiling module 'execute_pipe_unit:(ADDRESS_BITS=12)'
[INFO (VERI-1018)] ./src/bsram.v(26): compiling module 'BSRAM:(ADDR_WIDTH=12)'
[INFO (VERI-2571)] ./src/bsram.v(47): extracting RAM for identifier 'sram'
[WARN (VERI-9033)] ./src/bsram.v(47): array sram (size 131072) automatically BLACK-BOXED. Use the "elaborate -bbox_a" command to prevent automatic black-boxing.
[WARN (VERI-1060)] ./src/bsram.v(55): 'initial' construct is ignored
[WARN (VERI-1142)] ./src/bsram.v(67): system task 'display' is ignored for synthesis
[WARN (VERI-1142)] ./src/bsram.v(68): system task 'display' is ignored for synthesis
[WARN (VERI-1142)] ./src/bsram.v(69): system task 'display' is ignored for synthesis
[WARN (VERI-1142)] ./src/bsram.v(70): system task 'display' is ignored for synthesis
[WARN (VERI-1142)] ./src/bsram.v(71): system task 'display' is ignored for synthesis
[WARN (VERI-1142)] ./src/bsram.v(72): system task 'display' is ignored for synthesis
[WARN (VERI-1142)] ./src/bsram.v(73): system task 'display' is ignored for synthesis
[WARN (VERI-1142)] ./src/bsram.v(74): system task 'display' is ignored for synthesis
[INFO (VERI-1018)] ./src/d_mem_interface.v(23): compiling module 'd_mem_interface:(ADDRESS_BITS=12)'
[WARN (VERI-1142)] ./src/d_mem_interface.v(82): system task 'display' is ignored for synthesis
[WARN (VERI-1142)] ./src/d_mem_interface.v(84): system task 'display' is ignored for synthesis
[WARN (VERI-1142)] ./src/d_mem_interface.v(85): system task 'display' is ignored for synthesis
[WARN (VERI-1142)] ./src/d_mem_interface.v(86): system task 'display' is ignored for synthesis
[WARN (VERI-1142)] ./src/d_mem_interface.v(87): system task 'display' is ignored for synthesis
[WARN (VERI-1142)] ./src/d_mem_interface.v(88): system task 'display' is ignored for synthesis
[WARN (VERI-1142)] ./src/d_mem_interface.v(89): system task 'display' is ignored for synthesis
[WARN (VERI-1142)] ./src/d_mem_interface.v(90): system task 'display' is ignored for synthesis
[WARN (VERI-1142)] ./src/d_mem_interface.v(91): system task 'display' is ignored for synthesis
[INFO (VERI-1018)] ./src/memory.v(23): compiling module 'memory_unit:(ADDRESS_BITS=12,PRINT_CYCLES_MIN=0,PRINT_CYCLES_MAX=15)'
[WARN (VERI-1142)] ./src/memory.v(80): system task 'display' is ignored for synthesis
[WARN (VERI-1142)] ./src/memory.v(81): system task 'display' is ignored for synthesis
[WARN (VERI-1142)] ./src/memory.v(82): system task 'display' is ignored for synthesis
[WARN (VERI-1142)] ./src/memory.v(83): system task 'display' is ignored for synthesis
[WARN (VERI-1142)] ./src/memory.v(84): system task 'display' is ignored for synthesis
[WARN (VERI-1142)] ./src/memory.v(85): system task 'display' is ignored for synthesis
[WARN (VERI-1142)] ./src/memory.v(86): system task 'display' is ignored for synthesis
[WARN (VERI-1142)] ./src/memory.v(87): system task 'display' is ignored for synthesis
[WARN (VERI-1142)] ./src/memory.v(88): system task 'display' is ignored for synthesis
[WARN (VERI-1142)] ./src/memory.v(89): system task 'display' is ignored for synthesis
[INFO (VERI-1018)] ./src/memory_pipe.v(25): compiling module 'memory_pipe_unit:(ADDRESS_BITS=12)'
[INFO (VERI-1018)] ./src/writeback.v(22): compiling module 'writeback_unit:(PRINT_CYCLES_MIN=0,PRINT_CYCLES_MAX=15)'
[WARN (VERI-1142)] ./src/writeback.v(59): system task 'display' is ignored for synthesis
[WARN (VERI-1142)] ./src/writeback.v(60): system task 'display' is ignored for synthesis
[WARN (VERI-1142)] ./src/writeback.v(61): system task 'display' is ignored for synthesis
[WARN (VERI-1142)] ./src/writeback.v(62): system task 'display' is ignored for synthesis
[WARN (VERI-1142)] ./src/writeback.v(63): system task 'display' is ignored for synthesis
[WARN (VERI-1142)] ./src/writeback.v(64): system task 'display' is ignored for synthesis
[WARN (VERI-1142)] ./src/writeback.v(65): system task 'display' is ignored for synthesis
[WARN (VERI-1142)] ./src/writeback.v(66): system task 'display' is ignored for synthesis
[WARN (VERI-1142)] ./src/writeback.v(67): system task 'display' is ignored for synthesis
[INFO (VERI-1018)] .//properties/pipeline_structure_properties.sv(17): compiling module 'pipeline_structure_properties'
[WARN (VERI-1796)] .//properties/pipeline_structure_properties.sv(229): system function call isunknown with non-constant argument is not supported for synthesis
[WARN (VERI-1796)] .//properties/pipeline_structure_properties.sv(229): system function call isunknown with non-constant argument is not supported for synthesis
[WARN (VERI-1796)] .//properties/pipeline_structure_properties.sv(239): system function call isunknown with non-constant argument is not supported for synthesis
[WARN (VERI-1796)] .//properties/pipeline_structure_properties.sv(239): system function call isunknown with non-constant argument is not supported for synthesis
[WARN (VERI-1796)] .//properties/pipeline_structure_properties.sv(249): system function call isunknown with non-constant argument is not supported for synthesis
[WARN (VERI-1796)] .//properties/pipeline_structure_properties.sv(249): system function call isunknown with non-constant argument is not supported for synthesis
[WARN (VERI-1796)] .//properties/pipeline_structure_properties.sv(259): system function call isunknown with non-constant argument is not supported for synthesis
[WARN (VERI-1796)] .//properties/pipeline_structure_properties.sv(259): system function call isunknown with non-constant argument is not supported for synthesis
[WARN (VERI-1796)] .//properties/pipeline_structure_properties.sv(273): system function call isunknown with non-constant argument is not supported for synthesis
[WARN (VERI-1796)] .//properties/pipeline_structure_properties.sv(273): system function call isunknown with non-constant argument is not supported for synthesis
[WARN (VERI-1796)] .//properties/pipeline_structure_properties.sv(273): system function call isunknown with non-constant argument is not supported for synthesis
[WARN (VERI-1796)] .//properties/pipeline_structure_properties.sv(284): system function call isunknown with non-constant argument is not supported for synthesis
[WARN (VERI-1796)] .//properties/pipeline_structure_properties.sv(284): system function call isunknown with non-constant argument is not supported for synthesis
[WARN (VERI-1796)] .//properties/pipeline_structure_properties.sv(284): system function call isunknown with non-constant argument is not supported for synthesis
[WARN (VERI-1796)] .//properties/pipeline_structure_properties.sv(295): system function call isunknown with non-constant argument is not supported for synthesis
[WARN (VERI-1796)] .//properties/pipeline_structure_properties.sv(295): system function call isunknown with non-constant argument is not supported for synthesis
[WARN (VERI-1796)] .//properties/pipeline_structure_properties.sv(295): system function call isunknown with non-constant argument is not supported for synthesis
[WARN (VERI-1796)] .//properties/pipeline_structure_properties.sv(306): system function call isunknown with non-constant argument is not supported for synthesis
[WARN (VERI-1796)] .//properties/pipeline_structure_properties.sv(306): system function call isunknown with non-constant argument is not supported for synthesis
[WARN (VERI-1796)] .//properties/pipeline_structure_properties.sv(306): system function call isunknown with non-constant argument is not supported for synthesis
[WARN (VERI-1796)] .//properties/pipeline_structure_properties.sv(323): system function call isunknown with non-constant argument is not supported for synthesis
[WARN (VERI-1796)] .//properties/pipeline_structure_properties.sv(323): system function call isunknown with non-constant argument is not supported for synthesis
[WARN (VERI-1796)] .//properties/pipeline_structure_properties.sv(327): system function call isunknown with non-constant argument is not supported for synthesis
[WARN (VERI-1796)] .//properties/pipeline_structure_properties.sv(327): system function call isunknown with non-constant argument is not supported for synthesis
[WARN (VERI-1796)] .//properties/pipeline_structure_properties.sv(331): system function call isunknown with non-constant argument is not supported for synthesis
[WARN (VERI-1796)] .//properties/pipeline_structure_properties.sv(331): system function call isunknown with non-constant argument is not supported for synthesis
[WARN (VERI-1796)] .//properties/pipeline_structure_properties.sv(335): system function call isunknown with non-constant argument is not supported for synthesis
[WARN (VERI-1796)] .//properties/pipeline_structure_properties.sv(335): system function call isunknown with non-constant argument is not supported for synthesis
[WARN (VERI-1796)] .//properties/pipeline_structure_properties.sv(360): system function call isunknown with non-constant argument is not supported for synthesis
[WARN (VERI-1796)] .//properties/pipeline_structure_properties.sv(360): system function call isunknown with non-constant argument is not supported for synthesis
[INFO (VERI-1018)] ./src/RISC_V_Core.v(24): compiling module 'RISC_V_Core'
[WARN (VERI-1209)] ./src/RISC_V_Core.v(136): expression size 32 truncated to fit in target size 12
INFO (INL208): Elaboration synthesis summary:
  Number of synthesized netlists          20 (1 packages)
  Single run mode                         On
  Pipeline                                On (19 pipelined netlists)
  Late hierarchical reference connection  On
  Number of analyzed Verilog modules      20 (20 synthesized)
  Number of analyzed VHDL entities        0 (0 synthesized)
INFO (INL003): Clearing all state information (assumes, stopats, and so forth).
RISC_V_Core
[<embedded>] % 
[<embedded>] % # Set up Clocks and Resets
[<embedded>] % clock -none
INFO (ICK008): Enabling clock-free environment.
[<embedded>] % reset -none
INFO (IPM031): Clearing proof results of all properties.
[<embedded>] % 
[<embedded>] % # Get design information to check general complexity
[<embedded>] % get_design_info
Statistics [for instance "RISC_V_Core"]
---------------------------
# Flops:         101 (2894) (6 property flop bits)
# Latches:       0 (0)
# Gates:         795 (20340)
# Nets:          1237
# Ports:         16
# RTL Lines:     2100
# RTL Instances: 19
# Embedded Assumptions: 0
# Embedded Assertions:  8
# Embedded Covers:      16
2894
[<embedded>] % 
[<embedded>] % # Prove properties
[<embedded>] % prove -all
Ncustom1: Custom engine code is hT3Ng7hPPfiYQOTDZ3qhYOwGAM51eA+J/FjkM5shLioAsqhgLR4Ft+O1BuKG6ilQ83B9tLXSl+CwjiTMAQA
Bcustom2: Custom engine code is hT3Nm7hPr1Vp3Di1Ra2USNIGL4JypRnLKLAdF6JAyuavO2JfGCiY9OZJhcAcOUnLx5xwNdhILGrAWX9s+z2WDkKwNR7tAfClBEjRFVQeq6DU54boFgEA
AMcustom3: Custom engine code is hT3Ng7hP/feYQOTDZ3qhYOwGAM51eA+J/FjkM5shLioAsqhgLR4Ft+O1BuKG6ilQ83B9tLXSmmqwm7g9AQA
Mpcustom4: Custom engine code is hT3NZbhP9fmY2AbBQnsjfOxn6c+6e6yL+/e8fZFmaQrnlgEA
INFO (IPF036): Starting proof on task: "<embedded>", 24 properties to prove with 0 already proven/unreachable
INFO (IRS029): Starting reset analysis: phase 1 of 4.
INFO (IRS030): Running reset analysis: phase 2 of 4.
INFO (IRS031): Running reset analysis: phase 3 of 4.
INFO (IRS020): Starting the reset analysis simulation with a limit of 100 iterations (phase 4 of 4).
INFO (IRS024): Reset iterations 0 to 4 analyzed.
INFO (IRS018): Reset analysis simulation executed for 3 iterations. Assigned values for 0 of 2888 design flops, 0 of 0 design latches, 30 of 30 internal elements.
INFO (IRS039): Reset analysis complete.
INFO (IPF031): Settings used for proof thread 0:
    orchestration                 = on
    time_limit                    = 86400s
    per_property_time_limit       = 1s * 10 ^ scan
    engine_mode                   = auto
    proofgrid_per_engine_max_jobs = 1
    max engine jobs               = auto
    proofgrid_mode                = local
    proofgrid_restarts            = 10
0: Using multistage preprocessing
0: Starting reduce
AMcustom5: Custom engine code is hT3N1rhP11/52HrFRS21ROp2LOjVTgPvT8L8BGXHgLhaIuqtT4nARFjUqrBL+7pLmaTOzBepZW/Jm8SSrHDybSQtoNiO3y43wk+dEoWlsZizu97Fih6O6lPVG/LpWP5SsUPwlGagLNa1FKEFvwVXyX7//8prySbvSxIHXr5er+z4RAEA
Ncustom6: Custom engine code is hT3OXrhPByJp3TrFSTLhUmMH4KVtJgmTCnNDF46yMXOKY48m4LS5nE7yBzFjA7kDuwO/GhGUpEPiky3p3wmPn3dJZHxFMsafSoObRzSC+tn7sEY0WbTdZ/FV4hL3MYH/b1CIUvXSWR4wqEoVLsmMOD4xIPT4lI1LO6ZCO7PnnWQuLwetnvKlrXx6wCW/A+x+enqslg1YPobi4wEF/EvbzOvcTYdJvl2s4H2yZg2b2ofAVN5WvhWk1HoBAA
ADcustom7: Custom engine code is hT3Nv7hPv1752HrFRa2kROx2f/ECJeZB2AZsLdlO8VwmIuqtT4nIDFXclhg+O+o+DMmQCekbheGk0kK28laA9gaOFDXsQp29J3X615HY1IPHJWd6FUFvCHjO+p1k652b5JJvZlShNpGlGSXAiQe/mEAj6tEBAA
Tricustom8: Custom engine code is hT3Nu7hPt1752DvFRa0kNDiyIV97VyejwM9C/jCLJjdPvusZONHY42VYUy0Q1ZotnhcVtNc56tJ5wbxv6V2+XpdsaSlHck5vfnbYjdwj1OECy9U+7oSQ0SZE3g5ayD+Phuh4odCJTjeKa2k4elM9ldQfkAEA
Gcustom9: Custom engine code is hT3NibhPDfeYQADBZnYcglOvK9Pfd7EOeniIqP8jNsyIqInncipMGcUXqAadachREE9F2PwhBUZUNw5kHnd4JdXkamORRgEA
C2custom10: Custom engine code is hT3NirhPjfWYQADBZnYcglOvK9Pfd7EOeniIqP8jNsyIqInncgkrYMMXCYbdK0dUjZIF9d4cJ0rHoBDjwVLBKuG86XYVV00BAA
AGcustom11: Custom engine code is hT3NirhP/fmYQADBZnYcglOvK9Pfd7EOeniIqP8jNsyIqInnckcwYMMXCYbdK0dUjZIF9d4cJ0rHoBDjwVLBKuHEZnZByh0BAA
Bcustom12: Custom engine code is hT3NjrhPDfiYQADBZnYcglOvK9PfWxFtenjIyBqfrgr7if/jL/yPOuK1BAflEcW0DxNH2eDIoezN2gxlQFg81RZtiWXh7aiTAidvAQA
Ncustom13: Custom engine code is hT3NR7hPByFp3TrFSTLhUmMH4KWtJglTyV/c51BHEeZWamnJv767nE6PCak26bd3gf3XGN3rIRheufhDieCJQVISo+gNYUKhiUedBKGtsP/a18svAnlMJZudHxDFwK5ufsyoxsIyiAeSY2oi3tEuoDHr5gw42DFKAG3PqO3CEsl8Azzdt3pl5nGA1Ifv2H02eYsFzWb/nfp8PMb3F0krE/EgBcm8TD9Div8BAA
Tricustom14: Custom engine code is hT3Nu7hP3fiYQADBZnYcglNHp9bfd7EOeniIqP/ji8sGLQu8yhsFO+wxJ+O+R0bU8g/IewXFomyos+viQnWc2xYNYmMqpo3i40O7DaZR7qfp4YqNx26KRvQ/qx0BAA
0: Finished reduce in 0.002s
0.0.PRE: Performing Proof Simplification...
0.0.N: clocks: 2, declared: 1, looping: 0, posedge: 2, negedge: 0, noedge: 0, bothedge: 0
0.0.N: Proof Simplification Iteration 1	[0.00 s]
0.0.N: Proof Simplification Iteration 2	[0.01 s]
0.0.N: Proof Simplification Iteration 3	[0.01 s]
0.0.N: Proof Simplification Iteration 4	[0.02 s]
0.0.PRE: A proof was found: No trace exists. [0.00 s]
INFO (IPF057): 0.0.PRE: The property ":noDeadEnd" was proven in 0.00 s.
    Use check_assumptions -show -dead_end to show this property in the property table.
0.0.PRE: A proof was found: No trace exists. [0.00 s]
INFO (IPF057): 0.0.PRE: The property ":noConflict" was proven in 0.00 s.
    Use check_assumptions -show to show this property in the property table.
INFO (IPF047): 0.0.PRE: The cover property ":live" was covered in 1 cycles in 0.00 s.
    Use check_assumptions -show -live to show this property in the property table.
0.0.PRE: Proof Simplification completed in 0.03 s
0: About to start ProofGrid in its own thread with a limit of 10000 pending notifications and a limit of 10 traces.
0: =============================== ProofGrid start ===============================
0: ProofGrid usable level: 24
0: Initial ProofGrid level: 1
0: ProofGrid is starting event handling
0.0.N: Proofgrid shell started at 1693421@cadpc02(local) jg_1693356_cadpc02_1
0.0.N: clocks: 1, declared: 1, looping: 0, posedge: 1, negedge: 0, noedge: 0, bothedge: 0
0.0.Hp: Proofgrid shell started at 1693422@cadpc02(local) jg_1693356_cadpc02_1
0.0.N: Next scan (0) will use per property time limit: 1s * 10 ^ 0 = 1s
0.0.N: Starting proof for property "RISC_V_Core.pipe_props.ASSERT_HOLD_IF_ID_ON_STALL"	[0.00 s].
0.0.N: Trace Attempt  1	[0.00 s]
0.0.N: A trace with 1 cycles was found. [0.00 s]
INFO (IPF055): 0.0.N: A counterexample (cex) with 1 cycles was found for the property "RISC_V_Core.pipe_props.ASSERT_HOLD_IF_ID_ON_STALL" in 0.09 s.
INFO (IPF047): 0.0.N: The cover property "RISC_V_Core.pipe_props.ASSERT_HOLD_IF_ID_ON_STALL:precondition1" was covered in 1 cycles in 0.09 s by the incidental trace "RISC_V_Core.pipe_props.ASSERT_HOLD_IF_ID_ON_STALL".
INFO (IPF055): 0.0.N: A counterexample (cex) with 1 cycles was found for the property "RISC_V_Core.pipe_props.ASSERT_HOLD_ID_EX_ON_STALL" in 0.09 s by the incidental trace "RISC_V_Core.pipe_props.ASSERT_HOLD_IF_ID_ON_STALL".
INFO (IPF047): 0.0.N: The cover property "RISC_V_Core.pipe_props.ASSERT_HOLD_ID_EX_ON_STALL:precondition1" was covered in 1 cycles in 0.09 s by the incidental trace "RISC_V_Core.pipe_props.ASSERT_HOLD_IF_ID_ON_STALL".
INFO (IPF047): 0.0.N: The cover property "RISC_V_Core.pipe_props.ASSERT_HOLD_EX_MEM_ON_STALL:precondition1" was covered in 1 cycles in 0.09 s by the incidental trace "RISC_V_Core.pipe_props.ASSERT_HOLD_IF_ID_ON_STALL".
INFO (IPF055): 0.0.N: A counterexample (cex) with 1 cycles was found for the property "RISC_V_Core.pipe_props.ASSERT_MAP_IF_TO_IFID" in 0.09 s by the incidental trace "RISC_V_Core.pipe_props.ASSERT_HOLD_IF_ID_ON_STALL".
INFO (IPF047): 0.0.N: The cover property "RISC_V_Core.pipe_props.ASSERT_MAP_IF_TO_IFID:precondition1" was covered in 1 cycles in 0.09 s by the incidental trace "RISC_V_Core.pipe_props.ASSERT_HOLD_IF_ID_ON_STALL".
INFO (IPF055): 0.0.N: A counterexample (cex) with 1 cycles was found for the property "RISC_V_Core.pipe_props.ASSERT_MAP_ID_TO_IDEX" in 0.09 s by the incidental trace "RISC_V_Core.pipe_props.ASSERT_HOLD_IF_ID_ON_STALL".
INFO (IPF047): 0.0.N: The cover property "RISC_V_Core.pipe_props.ASSERT_MAP_ID_TO_IDEX:precondition1" was covered in 1 cycles in 0.09 s by the incidental trace "RISC_V_Core.pipe_props.ASSERT_HOLD_IF_ID_ON_STALL".
INFO (IPF047): 0.0.N: The cover property "RISC_V_Core.pipe_props.COVER_PAST_VALID" was covered in 1 cycles in 0.09 s by the incidental trace "RISC_V_Core.pipe_props.ASSERT_HOLD_IF_ID_ON_STALL".
INFO (IPF047): 0.0.N: The cover property "RISC_V_Core.pipe_props.COVER_STALL" was covered in 1 cycles in 0.09 s by the incidental trace "RISC_V_Core.pipe_props.ASSERT_HOLD_IF_ID_ON_STALL".
INFO (IPF047): 0.0.N: The cover property "RISC_V_Core.pipe_props.COVER_IFID_UPD" was covered in 1 cycles in 0.09 s by the incidental trace "RISC_V_Core.pipe_props.ASSERT_HOLD_IF_ID_ON_STALL".
INFO (IPF047): 0.0.N: The cover property "RISC_V_Core.pipe_props.COVER_IDEX_UPD" was covered in 1 cycles in 0.09 s by the incidental trace "RISC_V_Core.pipe_props.ASSERT_HOLD_IF_ID_ON_STALL".
0: ProofGrid usable level: 11
0.0.N: Stopped processing property "RISC_V_Core.pipe_props.ASSERT_HOLD_IF_ID_ON_STALL"	[0.11 s].
0.0.N: Starting proof for property "RISC_V_Core.pipe_props.ASSERT_HOLD_IF_ID_ON_STALL_D"	[0.00 s].
0.0.N: Trace Attempt  1	[0.00 s]
0.0.N: A trace with 1 cycles was found. [0.00 s]
INFO (IPF055): 0.0.N: A counterexample (cex) with 1 cycles was found for the property "RISC_V_Core.pipe_props.ASSERT_HOLD_IF_ID_ON_STALL_D" in 0.00 s.
INFO (IPF047): 0.0.N: The cover property "RISC_V_Core.pipe_props.ASSERT_HOLD_IF_ID_ON_STALL_D:precondition1" was covered in 1 cycles in 0.00 s by the incidental trace "RISC_V_Core.pipe_props.ASSERT_HOLD_IF_ID_ON_STALL_D".
INFO (IPF047): 0.0.N: The cover property "RISC_V_Core.pipe_props.COVER_STALL_D" was covered in 1 cycles in 0.00 s by the incidental trace "RISC_V_Core.pipe_props.ASSERT_HOLD_IF_ID_ON_STALL_D".
0.0.N: Stopped processing property "RISC_V_Core.pipe_props.ASSERT_HOLD_IF_ID_ON_STALL_D"	[0.02 s].
0.0.N: Starting proof for property "RISC_V_Core.pipe_props.ASSERT_HOLD_EX_MEM_ON_STALL"	[0.00 s].
0.0.N: Trace Attempt  1	[0.00 s]
0.0.Hp: clocks: 1, declared: 1, looping: 0, posedge: 1, negedge: 0, noedge: 0, bothedge: 0
0.0.N: A trace with 1 cycles was found. [0.00 s]
INFO (IPF055): 0.0.N: A counterexample (cex) with 1 cycles was found for the property "RISC_V_Core.pipe_props.ASSERT_HOLD_EX_MEM_ON_STALL" in 0.00 s.
INFO (IPF047): 0.0.N: The cover property "RISC_V_Core.pipe_props.ASSERT_MAP_EX_TO_EXMEM:precondition1" was covered in 1 cycles in 0.00 s by the incidental trace "RISC_V_Core.pipe_props.ASSERT_HOLD_EX_MEM_ON_STALL".
INFO (IPF047): 0.0.N: The cover property "RISC_V_Core.pipe_props.COVER_EXMEM_UPD" was covered in 1 cycles in 0.00 s by the incidental trace "RISC_V_Core.pipe_props.ASSERT_HOLD_EX_MEM_ON_STALL".
0.0.N: Stopped processing property "RISC_V_Core.pipe_props.ASSERT_HOLD_EX_MEM_ON_STALL"	[0.02 s].
0.0.N: Starting proof for property "RISC_V_Core.pipe_props.ASSERT_MAP_EX_TO_EXMEM"	[0.00 s].
0.0.N: Trace Attempt  1	[0.00 s]
0.0.N: A trace with 1 cycles was found. [0.00 s]
INFO (IPF055): 0.0.N: A counterexample (cex) with 1 cycles was found for the property "RISC_V_Core.pipe_props.ASSERT_MAP_EX_TO_EXMEM" in 0.00 s.
0.0.N: Stopped processing property "RISC_V_Core.pipe_props.ASSERT_MAP_EX_TO_EXMEM"	[0.02 s].
0.0.N: Starting proof for property "RISC_V_Core.pipe_props.ASSERT_MAP_MEM_TO_MEMWB"	[0.00 s].
0.0.N: Trace Attempt  1	[0.00 s]
0.0.N: A trace with 1 cycles was found. [0.00 s]
INFO (IPF055): 0.0.N: A counterexample (cex) with 1 cycles was found for the property "RISC_V_Core.pipe_props.ASSERT_MAP_MEM_TO_MEMWB" in 0.00 s.
INFO (IPF047): 0.0.N: The cover property "RISC_V_Core.pipe_props.ASSERT_MAP_MEM_TO_MEMWB:precondition1" was covered in 1 cycles in 0.00 s by the incidental trace "RISC_V_Core.pipe_props.ASSERT_MAP_MEM_TO_MEMWB".
INFO (IPF047): 0.0.N: The cover property "RISC_V_Core.pipe_props.COVER_MEMWB_UPD" was covered in 1 cycles in 0.00 s by the incidental trace "RISC_V_Core.pipe_props.ASSERT_MAP_MEM_TO_MEMWB".
0.0.N: Stopped processing property "RISC_V_Core.pipe_props.ASSERT_MAP_MEM_TO_MEMWB"	[0.02 s].
0.0.N: Last scan. Per property time limit: 0s
0.0.N: Starting proof for property "RISC_V_Core.pipe_props.COVER_FLOW_IF_TO_WB_4CYC_NO_STALL"	[0.00 s].
0.0.N: Trace Attempt  1	[0.00 s]
0.0.N: Trace Attempt  2	[0.00 s]
0.0.N: Trace Attempt  2	[0.00 s]
0.0.N: Trace Attempt  3	[0.01 s]
0.0.N: Trace Attempt  4	[0.01 s]
0.0.N: Trace Attempt  4	[0.01 s]
0.0.N: Trace Attempt  5	[0.02 s]
0.0.Ht: Proofgrid shell started at 1693453@cadpc02(local) jg_1693356_cadpc02_1
0.0.N: Requesting engine job to terminate
0.0.Hp: Requesting engine job to terminate
INFO (IPF144): 0: Initiating shutdown of proof [0.09 s]
0: ProofGrid is temporarily paused because there are too many pending traces.
0: ProofGrid is resuming to work after pausing for 0s. The amount of pending traces decreased.
0.0.N: Trace Attempt  7	[0.03 s]
0.0.N: A trace with 7 cycles was found. [0.07 s]
INFO (IPF047): 0.0.N: The cover property "RISC_V_Core.pipe_props.COVER_FLOW_IF_TO_WB_4CYC_NO_STALL" was covered in 7 cycles in 0.00 s.
0.0.N: Stopped processing property "RISC_V_Core.pipe_props.COVER_FLOW_IF_TO_WB_4CYC_NO_STALL"	[0.02 s].
0.0.Hp: Interrupted (multi)
0.0.Hp: All properties determined. [0.08 s]
0.0.Ht: Preventing job from starting because proof is shutting down.
0.0.Ht: Requesting engine job to terminate
0.0.Ht: Interrupted. [0.00 s]
0.0.Bm: Proofgrid shell started at 1693454@cadpc02(local) jg_1693356_cadpc02_1
0.0.Bm: Requesting engine job to terminate
0.0.Bm: Preventing job from starting because proof is shutting down.
0.0.Bm: Requesting engine job to terminate
0.0.Bm: Interrupted. [0.00 s]
0.0.Mpcustom4: Proofgrid shell started at 1693455@cadpc02(local) jg_1693356_cadpc02_1
0.0.Mpcustom4: Requesting engine job to terminate
0.0.Mpcustom4: Preventing job from starting because proof is shutting down.
0.0.Mpcustom4: Requesting engine job to terminate
0.0.Mpcustom4: Interrupted. [0.00 s]
0.0.Oh: Proofgrid shell started at 1693456@cadpc02(local) jg_1693356_cadpc02_1
0.0.Oh: Requesting engine job to terminate
0.0.Oh: Preventing job from starting because proof is shutting down.
0.0.Oh: Requesting engine job to terminate
0.0.Oh: Interrupted. [0.00 s]
0.0.L: Proofgrid shell started at 1693457@cadpc02(local) jg_1693356_cadpc02_1
0.0.L: Requesting engine job to terminate
0.0.L: Preventing job from starting because proof is shutting down.
0.0.L: Requesting engine job to terminate
0.0.L: Interrupted. [0.00 s]
0.0.B: Proofgrid shell started at 1693458@cadpc02(local) jg_1693356_cadpc02_1
0.0.B: Requesting engine job to terminate
0.0.B: Preventing job from starting because proof is shutting down.
0.0.B: Requesting engine job to terminate
0.0.B: Interrupted. [0.00 s]
0.0.AM: Proofgrid shell started at 1693459@cadpc02(local) jg_1693356_cadpc02_1
0.0.AM: Requesting engine job to terminate
0.0.AM: Preventing job from starting because proof is shutting down.
0.0.AM: Requesting engine job to terminate
0.0.AM: Interrupted. [0.00 s]
0.0.N: All properties determined. [0.07 s]
0.0.Hp: Exited with Success (@ 0.13 s)
0: ProofGrid usable level: 0
0.0.Ht: Exited with Success (@ 0.13 s)
0.0.Bm: Exited with Success (@ 0.13 s)
0.0.Mpcustom4: Exited with Success (@ 0.13 s)
0.0.Oh: Exited with Success (@ 0.13 s)
0.0.L: Exited with Success (@ 0.13 s)
0.0.B: Exited with Success (@ 0.13 s)
0.0.AM: Exited with Success (@ 0.13 s)
0.0.N: Exited with Success (@ 0.13 s)
0: --------------------------------------------------------------
ProofGrid Summary (utilization 14.19 %)
--------------------------------------------------------------
     engines started                               :     9
     engine jobs started                           :     9

    Average time in state (seconds)
    ------------------------------------------------------
    Engine  Pending     Running        Dead    Utilization
    ------------------------------------------------------
      N        0.08        0.08        0.00       51.38 %
     Hp        0.07        0.08        0.00       50.52 %
     Ht        0.09        0.00        0.00        0.00 %
     Bm        0.12        0.00        0.00        0.00 %
    Mpcustom4        0.12        0.00        0.00        0.00 %
     Oh        0.12        0.00        0.00        0.00 %
      L        0.12        0.00        0.00        0.00 %
      B        0.12        0.00        0.00        0.00 %
     AM        0.12        0.00        0.00        0.00 %
    all        0.11        0.02        0.00       14.19 %

    Total time in state (seconds)
    -----------------------------------------
            Pending     Running        Dead  
    -----------------------------------------
               0.97        0.16        0.00

    Data read    : 138.80 kiB
    Data written : 1.74 kiB

0: All pending notifications were processed.
0: ProofGrid was paused 1 times for a total of 0.039 seconds
INFO (IPF059): 0: Completed proof on task: "<embedded>"

==============================================================
SUMMARY
==============================================================
           Properties Considered              : 24
                 assertions                   : 8
                  - proven                    : 0 (0%)
                  - bounded_proven (user)     : 0 (0%)
                  - bounded_proven (auto)     : 0 (0%)
                  - marked_proven             : 0 (0%)
                  - cex                       : 8 (100%)
                  - ar_cex                    : 0 (0%)
                  - undetermined              : 0 (0%)
                  - unknown                   : 0 (0%)
                  - error                     : 0 (0%)
                 covers                       : 16
                  - unreachable               : 0 (0%)
                  - bounded_unreachable (user): 0 (0%)
                  - covered                   : 16 (100%)
                  - ar_covered                : 0 (0%)
                  - undetermined              : 0 (0%)
                  - unknown                   : 0 (0%)
                  - error                     : 0 (0%)
determined
[<embedded>] % 
[<embedded>] % # Report proof results
[<embedded>] % report

==============================================================
    Jasper Verification Results
==============================================================
    2024.06p002 64 bits for Linux64 3.10.0-1160.21.1.el7.x86_64
    Host Name: cadpc02.ee.columbia.edu
    User Name: rm4305
    Printed on: Friday, Dec19, 2025 03:52:47 PM EST
    Working Directory: /homes/user/stud/fall25/rm4305/6863-RISCV-FV


==============================================================
RESULTS
==============================================================

------------------------------------------------------------------------------------------------------------------------------
       Name                                                                  |    Result    |  Engine  |  Bound  |  Time    
------------------------------------------------------------------------------------------------------------------------------

---[ <embedded> ]-------------------------------------------------------------------------------------------------------------
[1]   RISC_V_Core.pipe_props.ASSERT_HOLD_IF_ID_ON_STALL                           cex             N             1    0.089 s      
[2]   RISC_V_Core.pipe_props.ASSERT_HOLD_IF_ID_ON_STALL:precondition1             covered         N             1    0.089 s      
[3]   RISC_V_Core.pipe_props.ASSERT_HOLD_IF_ID_ON_STALL_D                         cex             N             1    0.001 s      
[4]   RISC_V_Core.pipe_props.ASSERT_HOLD_IF_ID_ON_STALL_D:precondition1           covered         N             1    0.001 s      
[5]   RISC_V_Core.pipe_props.ASSERT_HOLD_ID_EX_ON_STALL                           cex             N             1    0.089 s      
[6]   RISC_V_Core.pipe_props.ASSERT_HOLD_ID_EX_ON_STALL:precondition1             covered         N             1    0.089 s      
[7]   RISC_V_Core.pipe_props.ASSERT_HOLD_EX_MEM_ON_STALL                          cex             N             1    0.001 s      
[8]   RISC_V_Core.pipe_props.ASSERT_HOLD_EX_MEM_ON_STALL:precondition1            covered         N             1    0.089 s      
[9]   RISC_V_Core.pipe_props.ASSERT_MAP_IF_TO_IFID                                cex             N             1    0.089 s      
[10]  RISC_V_Core.pipe_props.ASSERT_MAP_IF_TO_IFID:precondition1                  covered         N             1    0.089 s      
[11]  RISC_V_Core.pipe_props.ASSERT_MAP_ID_TO_IDEX                                cex             N             1    0.089 s      
[12]  RISC_V_Core.pipe_props.ASSERT_MAP_ID_TO_IDEX:precondition1                  covered         N             1    0.089 s      
[13]  RISC_V_Core.pipe_props.ASSERT_MAP_EX_TO_EXMEM                               cex             N             1    0.001 s      
[14]  RISC_V_Core.pipe_props.ASSERT_MAP_EX_TO_EXMEM:precondition1                 covered         N             1    0.001 s      
[15]  RISC_V_Core.pipe_props.ASSERT_MAP_MEM_TO_MEMWB                              cex             N             1    0.001 s      
[16]  RISC_V_Core.pipe_props.ASSERT_MAP_MEM_TO_MEMWB:precondition1                covered         N             1    0.001 s      
[17]  RISC_V_Core.pipe_props.COVER_PAST_VALID                                     covered         N             1    0.089 s      
[18]  RISC_V_Core.pipe_props.COVER_STALL                                          covered         N             1    0.089 s      
[19]  RISC_V_Core.pipe_props.COVER_STALL_D                                        covered         N             1    0.001 s      
[20]  RISC_V_Core.pipe_props.COVER_IFID_UPD                                       covered         N             1    0.089 s      
[21]  RISC_V_Core.pipe_props.COVER_IDEX_UPD                                       covered         N             1    0.089 s      
[22]  RISC_V_Core.pipe_props.COVER_EXMEM_UPD                                      covered         N             1    0.001 s      
[23]  RISC_V_Core.pipe_props.COVER_MEMWB_UPD                                      covered         N             1    0.001 s      
[24]  RISC_V_Core.pipe_props.COVER_FLOW_IF_TO_WB_4CYC_NO_STALL                    covered         N             7    0.002 s      

==============================================================
ASSUMPTIONS
==============================================================

-------------------------------------------------------------------------------
       Name    |  Expression  |  Location     |  Status      |  Dependencies                  
-------------------------------------------------------------------------------
[<embedded>] % visualize -violation -property <embedded>::RISC_V_Core.pipe_props.ASSERT_HOLD_IF_ID_ON_STALL_D -new_window
INFO (IVS015): Setting Visualize task to "<embedded>".
INFO (IVS008): Expanding analysis region to enable visualization of "<embedded>::RISC_V_Core.pipe_props.ASSERT_HOLD_IF_ID_ON_STALL_D".
cex
[<embedded>] % visualize -violation -property <embedded>::RISC_V_Core.pipe_props.ASSERT_HOLD_ID_EX_ON_STALL -new_window
INFO (IVS015): Setting Visualize task to "<embedded>".
INFO (IVS008): Expanding analysis region to enable visualization of "<embedded>::RISC_V_Core.pipe_props.ASSERT_HOLD_ID_EX_ON_STALL".
cex
[<embedded>] % visualize -violation -property <embedded>::RISC_V_Core.pipe_props.ASSERT_HOLD_EX_MEM_ON_STALL -new_window
INFO (IVS015): Setting Visualize task to "<embedded>".
INFO (IVS008): Expanding analysis region to enable visualization of "<embedded>::RISC_V_Core.pipe_props.ASSERT_HOLD_EX_MEM_ON_STALL".
cex
[<embedded>] % visualize -violation -property <embedded>::RISC_V_Core.pipe_props.ASSERT_MAP_MEM_TO_MEMWB -new_window
INFO (IVS015): Setting Visualize task to "<embedded>".
INFO (IVS008): Expanding analysis region to enable visualization of "<embedded>::RISC_V_Core.pipe_props.ASSERT_MAP_MEM_TO_MEMWB".
cex
INFO (IPL005): Received request to exit from the console.
INFO (IPL014): Waiting for the Tcl-thread to exit.
INFO: Waiting for proof threads to stop...
INFO: Proof threads stopped.
INFO (IPL018): The peak resident set memory use for this session was 0.470 GB.
INFO (IPL015): The Tcl-thread exited with status 0.
INFO (IPL016): Exiting the analysis session with status 0.
