2025-12-16 23:30:09.183648 (53478) main____ INFO    ----------------------------------------
2025-12-16 23:30:09.183685 (53478) main____ INFO    Jasper version info
2025-12-16 23:30:09.183689 (53478) main____ INFO      tool      : Jasper 2024.06
2025-12-16 23:30:09.183692 (53478) main____ INFO      version   : 2024.06p002 64 bits
2025-12-16 23:30:09.183695 (53478) main____ INFO      build date: 2024.09.02 16:28:38 UTC
2025-12-16 23:30:09.183696 (53478) main____ INFO    ----------------------------------------
2025-12-16 23:30:09.183697 (53478) main____ INFO    Runtime info:
2025-12-16 23:30:09.183698 (53478) main____ INFO      platform  : Linux 4.18.0-553.89.1.el8_10.x86_64 x86_64
2025-12-16 23:30:09.183702 (53478) main____ INFO      hostname  : cadpc02
2025-12-16 23:30:09.183704 (53478) main____ INFO      pid       : 53478
2025-12-16 23:30:09.183706 (53478) main____ INFO      arguments : '-style' 'windows' '-fpv' 'bypass_verification.tcl'
2025-12-16 23:30:09.183707 (53478) main____ INFO      locale    : UTF-8
2025-12-16 23:30:09.183709 (53478) main____ INFO    ----------------------------------------
2025-12-16 23:30:09.183710 (53478) main____ INFO    System resource limits info:
2025-12-16 23:30:09.183712 (53478) main____ INFO      virtual memory: unlimited
2025-12-16 23:30:09.183714 (53478) main____ INFO      cpu time      : unlimited
2025-12-16 23:30:09.183717 (53478) main____ INFO      processes     : 255232
2025-12-16 23:30:09.183722 (53478) main____ INFO      stack size    : 8388608 B
2025-12-16 23:30:09.183724 (53478) main____ INFO      core file size: 0 B
2025-12-16 23:30:09.183726 (53478) main____ INFO      open files    : 1024
2025-12-16 23:30:09.183727 (53478) main____ INFO      file size     : unlimited
2025-12-16 23:30:09.183729 (53478) main____ INFO    ----------------------------------------
2025-12-16 23:30:09.183730 (53478) main____ INFO    Memory statistics:
2025-12-16 23:30:09.183732 (53478) main____ INFO      total physical memory  : 65401520 kB
2025-12-16 23:30:09.183733 (53478) main____ INFO      free physical memory   : 731524 kB
2025-12-16 23:30:09.183735 (53478) main____ INFO      committed address space: 43587356 kB
2025-12-16 23:30:09.183736 (53478) main____ INFO    ----------------------------------------
2025-12-16 23:30:09.184153 (53478) main____ INFO    Important environment variables:
2025-12-16 23:30:09.184160 (53478) main____ INFO      CDS_LIC_FILE       : '5280@bioeelincad.ee.columbia.edu'
2025-12-16 23:30:09.184162 (53478) main____ INFO      DISPLAY            : ':1005'
2025-12-16 23:30:09.184164 (53478) main____ INFO      JASPER_CPU_CHECK   : '1'
2025-12-16 23:30:09.184165 (53478) main____ INFO      JASPER_INSTALL_DIR : '/tools/cadence/jasper_2024.06p002'
2025-12-16 23:30:09.184167 (53478) main____ INFO      JASPER_KERNEL_CHECK: '1'
2025-12-16 23:30:09.184168 (53478) main____ INFO      JASPER_OS_CHECK    : '1'
2025-12-16 23:30:09.184170 (53478) main____ INFO      LANG               : 'en_US.UTF-8'
2025-12-16 23:30:09.184171 (53478) main____ INFO    ----------------------------------------
2025-12-16 23:30:09.184549 (53478) lic_core INFO    Initializing license system ...
2025-12-16 23:30:09.190715 (53478) lic_core INFO    ... license system initialized.
2025-12-16 23:30:09.217198 (53478) lic__man INFO    Claim 'main' for <ui>.
2025-12-16 23:30:09.217220 (53478) lic_core INFO    (1) checking out 'jasper_interactive' ...
2025-12-16 23:30:09.230451 (53478) lic_core INFO    ... (1) checkout succeeded
2025-12-16 23:30:09.230471 (53478) lic__man INFO    Claim 'fpv' for <ui>.
2025-12-16 23:30:09.230478 (53478) lic_core INFO    (2) checking out 'jasper_fpv' ...
2025-12-16 23:30:09.235519 (53478) lic_core INFO    ... (2) checkout failed (error: -5) ("FLEXnet ERROR(-5, 0, 0): No such feature exists.")
2025-12-16 23:30:09.235532 (53478) lic_core INFO    (3) checking out 'jasper_fao' ...
2025-12-16 23:30:09.245283 (53478) lic_core INFO    ... (3) checkout succeeded
2025-12-16 23:30:09.245522 (53478) main____ INFO    Tool inactivity delay is 480000 ms.
2025-12-16 23:30:09.587274 (53478) lic__man INFO    Claim 'fpv' for <ui>.
2025-12-16 23:30:09.748856 (53478) lic__man INFO    Unclaim 'fpv' for <ui>.
2025-12-16 23:30:09.748875 (53478) lic__man INFO    Claim 'fpv' for <ui>.
2025-12-16 23:30:09.778603 (53478) session_ INFO    Starting analysis session with session id 'session_0' (launcher: <local>) ...
2025-12-16 23:30:09.779802 (53478) session_ INFO    Analysis session with session id 'session_0' started (pid: 53640)
2025-12-16 23:30:10.807949 (53478) session_ INFO    Analysis session 'session_0' connected to the console (host: 127.0.0.1:40456)
2025-12-16 23:30:12.046162 (53478) lic__man INFO    Unclaim everything for 'session_0'.
2025-12-16 23:30:12.169564 (53478) lic__man INFO    Claim 'fpv' for 'session_0'.
2025-12-16 23:30:12.169585 (53478) lic__man INFO    Claim 'fpv' for 'session_0/prove-0'.
2025-12-16 23:30:14.697250 (53478) lic__man INFO    Unclaim everything for 'session_0/prove-0'.
